[35m[Appium][39m Available drivers:
[35m[Appium][39m   - xcuitest@4.12.1 (automationName 'XCUITest')
[35m[Appium][39m   - uiautomator2@2.7.1 (automationName 'UiAutomator2')
[35m[Appium][39m No plugins have been installed. Use the "appium plugin" command to install the one(s) you want to use.
[35m[HTTP][39m [37m-->[39m [37mPOST[39m [37m/session[39m
[35m[HTTP][39m [90m{"capabilities":{"alwaysMatch":{"platformName":"Android","appium:platformVersion":"11.0","appium:deviceName":"Pixel 3","appium:automationName":"UIAutomator2","appium:app":"/Users/ksma/Documents/VSCode-Projects/webdriverio-appium/app/android/ColorNote Notepad.apk","appium:autoGrantPermissions":true},"firstMatch":[{}]},"desiredCapabilities":{"platformName":"Android","appium:platformVersion":"11.0","appium:deviceName":"Pixel 3","appium:automationName":"UIAutomator2","appium:app":"/Users/ksma/Documents/VSCode-Projects/webdriverio-appium/app/android/ColorNote Notepad.apk","appium:autoGrantPermissions":true}}[39m
[debug] [35m[AppiumDriver@78ba][39m Calling AppiumDriver.createSession() with args: [{"platformName":"Android","appium:platformVersion":"11.0","appium:deviceName":"Pixel 3","appium:automationName":"UIAutomator2","appium:app":"/Users/ksma/Documents/VSCode-Projects/webdriverio-appium/app/android/ColorNote Notepad.apk","appium:autoGrantPermissions":true},null,{"alwaysMatch":{"platformName":"Android","appium:platformVersion":"11.0","appium:deviceName":"Pixel 3","appium:automationName":"UIAutomator2","appium:app":"/Users/ksma/Documents/VSCode-Projects/webdriverio-appium/app/android/ColorNote Notepad.apk","appium:autoGrantPermissions":true},"firstMatch":[{}]}]
[debug] [35m[AppiumDriver@78ba][39m Event 'newSessionRequested' logged at 1666808805435 (14:26:45 GMT-0400 (Eastern Daylight Time))
[35m[Appium][39m Attempting to find matching driver for automationName 'UIAutomator2' and platformName 'Android'
[35m[Appium][39m The 'uiautomator2' driver was installed and matched caps.
[35m[Appium][39m Will require it at /Users/ksma/Documents/VSCode-Projects/webdriverio-appium/node_modules/appium-uiautomator2-driver
[debug] [35m[Appium][39m Requiring driver at /Users/ksma/Documents/VSCode-Projects/webdriverio-appium/node_modules/appium-uiautomator2-driver
[35m[AppiumDriver@78ba][39m Appium v2.0.0-beta.44 creating new AndroidUiautomator2Driver (v2.7.1) session
[35m[AppiumDriver@78ba][39m Checking BaseDriver versions for Appium and AndroidUiautomator2Driver
[35m[AppiumDriver@78ba][39m Appium's BaseDriver version is 8.7.1
[35m[AppiumDriver@78ba][39m AndroidUiautomator2Driver's BaseDriver version is 8.7.1
[35m[AppiumDriver@78ba][39m Applying relaxed security to 'AndroidUiautomator2Driver' as per server command line argument. All insecure features will be enabled unless explicitly disabled by --deny-insecure
[debug] [35m[AndroidUiautomator2Driver@e19c][39m Creating session with W3C capabilities: {
[debug] [35m[AndroidUiautomator2Driver@e19c][39m   "alwaysMatch": {
[debug] [35m[AndroidUiautomator2Driver@e19c][39m     "platformName": "Android",
[debug] [35m[AndroidUiautomator2Driver@e19c][39m     "appium:platformVersion": "11.0",
[debug] [35m[AndroidUiautomator2Driver@e19c][39m     "appium:deviceName": "Pixel 3",
[debug] [35m[AndroidUiautomator2Driver@e19c][39m     "appium:automationName": "UIAutomator2",
[debug] [35m[AndroidUiautomator2Driver@e19c][39m     "appium:app": "/Users/ksma/Documents/VSCode-Projects/webdriverio-appium/app/android/ColorNote Notepad.apk",
[debug] [35m[AndroidUiautomator2Driver@e19c][39m     "appium:autoGrantPermissions": true
[debug] [35m[AndroidUiautomator2Driver@e19c][39m   },
[debug] [35m[AndroidUiautomator2Driver@e19c][39m   "firstMatch": [
[debug] [35m[AndroidUiautomator2Driver@e19c][39m     {}
[debug] [35m[AndroidUiautomator2Driver@e19c][39m   ]
[debug] [35m[AndroidUiautomator2Driver@e19c][39m }
[35m[AndroidUiautomator2Driver@e19c (9ace4c0a)][39m Session created with session id: 9ace4c0a-f862-4208-a2a3-41507ce4a61a
[35m[BaseDriver][39m Using local app '/Users/ksma/Documents/VSCode-Projects/webdriverio-appium/app/android/ColorNote Notepad.apk'
[debug] [35m[AndroidUiautomator2Driver@e19c (9ace4c0a)][39m Checking whether app is actually present
[35m[ADB][39m Found 2 'build-tools' folders under '/Users/ksma/Library/Android/sdk/' (newest first):
[35m[ADB][39m     /Users/ksma/Library/Android/sdk/build-tools/33.0.0
[35m[ADB][39m     /Users/ksma/Library/Android/sdk/build-tools/30.0.3
[35m[ADB][39m Using 'adb' from '/Users/ksma/Library/Android/sdk/platform-tools/adb'
[debug] [35m[ADB][39m Running '/Users/ksma/Library/Android/sdk/platform-tools/adb -P 5037 start-server'
[35m[AndroidDriver][39m Retrieving device list
[debug] [35m[ADB][39m Trying to find a connected android device
[debug] [35m[ADB][39m Getting connected devices
[debug] [35m[ADB][39m Connected devices: [{"udid":"emulator-5554","state":"device"},{"udid":"emulator-5556","state":"device"}]
[35m[AndroidDriver][39m Looking for a device with Android '11.0.0'
[debug] [35m[ADB][39m Setting device id to emulator-5554
[35m[ADB][39m Getting device platform version
[debug] [35m[ADB][39m Running '/Users/ksma/Library/Android/sdk/platform-tools/adb -P 5037 -s emulator-5554 shell getprop ro.build.version.release'
[debug] [35m[ADB][39m Current device property 'ro.build.version.release': 11
[35m[AndroidDriver][39m Using device: emulator-5554
[35m[ADB][39m Using 'adb' from '/Users/ksma/Library/Android/sdk/platform-tools/adb'
[debug] [35m[ADB][39m Running '/Users/ksma/Library/Android/sdk/platform-tools/adb -P 5037 start-server'
[debug] [35m[ADB][39m Setting device id to emulator-5554
[debug] [35m[ADB][39m Running '/Users/ksma/Library/Android/sdk/platform-tools/adb -P 5037 -s emulator-5554 shell getprop ro.build.version.sdk'
[debug] [35m[ADB][39m Current device property 'ro.build.version.sdk': 30
[35m[ADB][39m Getting device platform version
[debug] [35m[ADB][39m Running '/Users/ksma/Library/Android/sdk/platform-tools/adb -P 5037 -s emulator-5554 shell getprop ro.build.version.release'
[debug] [35m[ADB][39m Current device property 'ro.build.version.release': 11
[debug] [35m[ADB][39m Device API level: 30
[35m[AndroidUiautomator2Driver@e19c (9ace4c0a)][39m Relaxing hidden api policy
[debug] [35m[ADB][39m Running '/Users/ksma/Library/Android/sdk/platform-tools/adb -P 5037 -s emulator-5554 shell 'settings put global hidden_api_policy_pre_p_apps 1;settings put global hidden_api_policy_p_apps 1;settings put global hidden_api_policy 1''
[debug] [35m[AndroidDriver][39m Parsing package and activity from app manifest
[35m[ADB][39m Package name: 'com.socialnmobile.dictapps.notepad.color.note'
[35m[ADB][39m Main activity name: 'com.socialnmobile.colornote.activity.Main'
[debug] [35m[AndroidDriver][39m Parsed package and activity are: com.socialnmobile.dictapps.notepad.color.note/com.socialnmobile.colornote.activity.Main
[debug] [35m[ADB][39m Running '/Users/ksma/Library/Android/sdk/platform-tools/adb -P 5037 -s emulator-5554 wait-for-device'
[debug] [35m[ADB][39m Running '/Users/ksma/Library/Android/sdk/platform-tools/adb -P 5037 -s emulator-5554 shell echo ping'
[debug] [35m[AndroidDriver][39m Pushing settings apk to device...
[debug] [35m[ADB][39m Getting install status for io.appium.settings
[debug] [35m[ADB][39m Running '/Users/ksma/Library/Android/sdk/platform-tools/adb -P 5037 -s emulator-5554 shell dumpsys package io.appium.settings'
[debug] [35m[ADB][39m 'io.appium.settings' is installed
[debug] [35m[ADB][39m Getting package info for 'io.appium.settings'
[debug] [35m[ADB][39m Running '/Users/ksma/Library/Android/sdk/platform-tools/adb -P 5037 -s emulator-5554 shell dumpsys package io.appium.settings'
[debug] [35m[ADB][39m The version name of the installed 'io.appium.settings' is greater or equal to the application version name ('4.2.1' >= '4.2.1')
[debug] [35m[ADB][39m There is no need to install/upgrade '/Users/ksma/Documents/VSCode-Projects/webdriverio-appium/node_modules/appium-uiautomator2-driver/node_modules/io.appium.settings/apks/settings_apk-debug.apk'
[debug] [35m[ADB][39m Getting IDs of all 'io.appium.settings' processes
[debug] [35m[ADB][39m Running '/Users/ksma/Library/Android/sdk/platform-tools/adb -P 5037 -s emulator-5554 shell 'pgrep --help; echo $?''
[debug] [35m[ADB][39m Running '/Users/ksma/Library/Android/sdk/platform-tools/adb -P 5037 -s emulator-5554 shell pgrep -f \(\[\[:blank:\]\]\|\^\)io\.appium\.settings\(\[\[:blank:\]\]\|\$\)'
[debug] [35m[AndroidDriver][39m io.appium.settings is already running. There is no need to reset its permissions.
[debug] [35m[Logcat][39m Starting logs capture with command: /Users/ksma/Library/Android/sdk/platform-tools/adb -P 5037 -s emulator-5554 logcat -v threadtime
[debug] [35m[AndroidUiautomator2Driver@e19c (9ace4c0a)][39m Forwarding UiAutomator2 Server port 6790 to local port 8204
[debug] [35m[ADB][39m Forwarding system: 8204 to device: 6790
[debug] [35m[ADB][39m Running '/Users/ksma/Library/Android/sdk/platform-tools/adb -P 5037 -s emulator-5554 forward tcp:8204 tcp:6790'
[debug] [35m[ADB][39m Getting install status for io.appium.uiautomator2.server
[debug] [35m[ADB][39m Running '/Users/ksma/Library/Android/sdk/platform-tools/adb -P 5037 -s emulator-5554 shell dumpsys package io.appium.uiautomator2.server'
[debug] [35m[ADB][39m 'io.appium.uiautomator2.server' is installed
[debug] [35m[ADB][39m Getting package info for 'io.appium.uiautomator2.server'
[debug] [35m[ADB][39m Running '/Users/ksma/Library/Android/sdk/platform-tools/adb -P 5037 -s emulator-5554 shell dumpsys package io.appium.uiautomator2.server'
[debug] [35m[ADB][39m The version name of the installed 'io.appium.uiautomator2.server' is greater or equal to the application version name ('5.7.0' >= '5.7.0')
[debug] [35m[AndroidUiautomator2Driver@e19c (9ace4c0a)][39m io.appium.uiautomator2.server installation state: sameVersionInstalled
[debug] [35m[ADB][39m Checking app cert for /Users/ksma/Documents/VSCode-Projects/webdriverio-appium/node_modules/appium-uiautomator2-driver/node_modules/appium-uiautomator2-server/apks/appium-uiautomator2-server-v5.7.0.apk
[35m[ADB][39m Using 'apksigner.jar' from '/Users/ksma/Library/Android/sdk/build-tools/33.0.0/lib/apksigner.jar'
[debug] [35m[ADB][39m Starting apksigner: /Library/Java/JavaVirtualMachines/jdk-19.jdk/Contents/Home/bin/java -Xmx1024M -Xss1m -jar /Users/ksma/Library/Android/sdk/build-tools/33.0.0/lib/apksigner.jar verify --print-certs /Users/ksma/Documents/VSCode-Projects/webdriverio-appium/node_modules/appium-uiautomator2-driver/node_modules/appium-uiautomator2-server/apks/appium-uiautomator2-server-v5.7.0.apk
[debug] [35m[ADB][39m apksigner stdout: Signer #1 certificate DN: EMAILADDRESS=android@android.com, CN=Android, OU=Android, O=Android, L=Mountain View, ST=California, C=US
[debug] [35m[ADB][39m Signer #1 certificate SHA-256 digest: a40da80a59d170caa950cf15c18c454d47a39b26989d8b640ecd745ba71bf5dc
[debug] [35m[ADB][39m Signer #1 certificate SHA-1 digest: 61ed377e85d386a8dfee6b864bd85b0bfaa5af81
[debug] [35m[ADB][39m Signer #1 certificate MD5 digest: e89b158e4bcf988ebd09eb83f5378e87
[debug] [35m[ADB][39m 
[debug] [35m[ADB][39m sha256 hash did match for 'appium-uiautomator2-server-v5.7.0.apk'
[35m[ADB][39m '/Users/ksma/Documents/VSCode-Projects/webdriverio-appium/node_modules/appium-uiautomator2-driver/node_modules/appium-uiautomator2-server/apks/appium-uiautomator2-server-v5.7.0.apk' is signed with the default certificate
[debug] [35m[ADB][39m Getting install status for io.appium.uiautomator2.server.test
[debug] [35m[ADB][39m Running '/Users/ksma/Library/Android/sdk/platform-tools/adb -P 5037 -s emulator-5554 shell dumpsys package io.appium.uiautomator2.server.test'
[debug] [35m[ADB][39m 'io.appium.uiautomator2.server.test' is installed
[debug] [35m[ADB][39m Checking app cert for /Users/ksma/Documents/VSCode-Projects/webdriverio-appium/node_modules/appium-uiautomator2-driver/node_modules/appium-uiautomator2-server/apks/appium-uiautomator2-server-debug-androidTest.apk
[debug] [35m[ADB][39m Starting apksigner: /Library/Java/JavaVirtualMachines/jdk-19.jdk/Contents/Home/bin/java -Xmx1024M -Xss1m -jar /Users/ksma/Library/Android/sdk/build-tools/33.0.0/lib/apksigner.jar verify --print-certs /Users/ksma/Documents/VSCode-Projects/webdriverio-appium/node_modules/appium-uiautomator2-driver/node_modules/appium-uiautomator2-server/apks/appium-uiautomator2-server-debug-androidTest.apk
[debug] [35m[ADB][39m apksigner stdout: Signer #1 certificate DN: EMAILADDRESS=android@android.com, CN=Android, OU=Android, O=Android, L=Mountain View, ST=California, C=US
[debug] [35m[ADB][39m Signer #1 certificate SHA-256 digest: a40da80a59d170caa950cf15c18c454d47a39b26989d8b640ecd745ba71bf5dc
[debug] [35m[ADB][39m Signer #1 certificate SHA-1 digest: 61ed377e85d386a8dfee6b864bd85b0bfaa5af81
[debug] [35m[ADB][39m Signer #1 certificate MD5 digest: e89b158e4bcf988ebd09eb83f5378e87
[debug] [35m[ADB][39m 
[debug] [35m[ADB][39m sha256 hash did match for 'appium-uiautomator2-server-debug-androidTest.apk'
[35m[ADB][39m '/Users/ksma/Documents/VSCode-Projects/webdriverio-appium/node_modules/appium-uiautomator2-driver/node_modules/appium-uiautomator2-server/apks/appium-uiautomator2-server-debug-androidTest.apk' is signed with the default certificate
[35m[AndroidUiautomator2Driver@e19c (9ace4c0a)][39m Server packages are not going to be (re)installed
[debug] [35m[AndroidUiautomator2Driver@e19c (9ace4c0a)][39m Waiting up to 30000ms for services to be available
[debug] [35m[ADB][39m Running '/Users/ksma/Library/Android/sdk/platform-tools/adb -P 5037 -s emulator-5554 shell pm list instrumentation'
[debug] [35m[AndroidUiautomator2Driver@e19c (9ace4c0a)][39m Instrumentation target 'io.appium.uiautomator2.server.test/androidx.test.runner.AndroidJUnitRunner' is available
[35m[ADB][39m Adding packages ["io.appium.settings","io.appium.uiautomator2.server","io.appium.uiautomator2.server.test"] to Doze whitelist
[debug] [35m[ADB][39m Got the following command chunks to execute: [["dumpsys","deviceidle","whitelist","+io.appium.settings",";","dumpsys","deviceidle","whitelist","+io.appium.uiautomator2.server",";","dumpsys","deviceidle","whitelist","+io.appium.uiautomator2.server.test",";"]]
[debug] [35m[ADB][39m Running '/Users/ksma/Library/Android/sdk/platform-tools/adb -P 5037 -s emulator-5554 shell dumpsys deviceidle whitelist +io.appium.settings ; dumpsys deviceidle whitelist +io.appium.uiautomator2.server ; dumpsys deviceidle whitelist +io.appium.uiautomator2.server.test ;'
[debug] [35m[ADB][39m Checking app cert for /Users/ksma/Documents/VSCode-Projects/webdriverio-appium/app/android/ColorNote Notepad.apk
[debug] [35m[ADB][39m Starting apksigner: /Library/Java/JavaVirtualMachines/jdk-19.jdk/Contents/Home/bin/java -Xmx1024M -Xss1m -jar /Users/ksma/Library/Android/sdk/build-tools/33.0.0/lib/apksigner.jar verify --print-certs '/Users/ksma/Documents/VSCode-Projects/webdriverio-appium/app/android/ColorNote Notepad.apk'
[debug] [35m[ADB][39m apksigner stdout: Signer #1 certificate DN: CN=socialnmobile, OU=android, O=socialnmobile, L=Unknown, ST=Unknown, C=Unknown
[debug] [35m[ADB][39m Signer #1 certificate SHA-256 digest: 4e92275e4f7853f3df65171071f0b6841b063520ee93d9bb2db647baec695b98
[debug] [35m[ADB][39m Signer #1 certificate SHA-1 digest: f4d8a67bf40879df79cbf1dc8b2999df74ebbf76
[debug] [35m[ADB][39m Signer #1 certificate MD5 digest: 8190fa0dfb1457782dbbe689beef98b7
[debug] [35m[ADB][39m 
[35m[ADB][39m '/Users/ksma/Documents/VSCode-Projects/webdriverio-appium/app/android/ColorNote Notepad.apk' is signed with a non-default certificate
[debug] [35m[ADB][39m Getting install status for com.socialnmobile.dictapps.notepad.color.note
[debug] [35m[ADB][39m Running '/Users/ksma/Library/Android/sdk/platform-tools/adb -P 5037 -s emulator-5554 shell dumpsys package com.socialnmobile.dictapps.notepad.color.note'
[debug] [35m[ADB][39m 'com.socialnmobile.dictapps.notepad.color.note' is installed
[debug] [35m[ADB][39m Getting package info for 'com.socialnmobile.dictapps.notepad.color.note'
[debug] [35m[ADB][39m Running '/Users/ksma/Library/Android/sdk/platform-tools/adb -P 5037 -s emulator-5554 shell dumpsys package com.socialnmobile.dictapps.notepad.color.note'
[debug] [35m[ADB][39m The version name of the installed 'com.socialnmobile.dictapps.notepad.color.note' is greater or equal to the application version name ('4.2.4' >= '4.2.4')
[debug] [35m[ADB][39m There is no need to install/upgrade '/Users/ksma/Documents/VSCode-Projects/webdriverio-appium/app/android/ColorNote Notepad.apk'
[35m[AndroidDriver][39m Performing fast reset on 'com.socialnmobile.dictapps.notepad.color.note'
[debug] [35m[ADB][39m Getting install status for com.socialnmobile.dictapps.notepad.color.note
[debug] [35m[ADB][39m Running '/Users/ksma/Library/Android/sdk/platform-tools/adb -P 5037 -s emulator-5554 shell dumpsys package com.socialnmobile.dictapps.notepad.color.note'
[debug] [35m[ADB][39m 'com.socialnmobile.dictapps.notepad.color.note' is installed
[debug] [35m[ADB][39m Running '/Users/ksma/Library/Android/sdk/platform-tools/adb -P 5037 -s emulator-5554 shell am force-stop com.socialnmobile.dictapps.notepad.color.note'
[debug] [35m[ADB][39m Running '/Users/ksma/Library/Android/sdk/platform-tools/adb -P 5037 -s emulator-5554 shell pm clear com.socialnmobile.dictapps.notepad.color.note'
[debug] [35m[ADB][39m Running '/Users/ksma/Library/Android/sdk/platform-tools/adb -P 5037 -s emulator-5554 shell dumpsys package com.socialnmobile.dictapps.notepad.color.note'
[debug] [35m[ADB][39m Retrieving requested permissions
[debug] [35m[ADB][39m Retrieved 9 permissions from requested group
[debug] [35m[ADB][39m Retrieving granted permissions
[debug] [35m[ADB][39m Retrieved 7 permissions from install,runtime groups
[debug] [35m[ADB][39m Granting permissions ["android.permission.WRITE_EXTERNAL_STORAGE","android.permission.READ_EXTERNAL_STORAGE"] to 'com.socialnmobile.dictapps.notepad.color.note'
[debug] [35m[ADB][39m Got the following command chunks to execute: [["pm","grant","com.socialnmobile.dictapps.notepad.color.note","android.permission.WRITE_EXTERNAL_STORAGE",";","pm","grant","com.socialnmobile.dictapps.notepad.color.note","android.permission.READ_EXTERNAL_STORAGE",";"]]
[debug] [35m[ADB][39m Running '/Users/ksma/Library/Android/sdk/platform-tools/adb -P 5037 -s emulator-5554 shell pm grant com.socialnmobile.dictapps.notepad.color.note android.permission.WRITE_EXTERNAL_STORAGE ; pm grant com.socialnmobile.dictapps.notepad.color.note android.permission.READ_EXTERNAL_STORAGE ;'
[debug] [35m[AndroidDriver][39m Performed fast reset on the installed 'com.socialnmobile.dictapps.notepad.color.note' application (stop and clear)
[debug] [35m[AndroidUiautomator2Driver@e19c (9ace4c0a)][39m Performing shallow cleanup of automation leftovers
[debug] [35m[AndroidUiautomator2Driver@e19c (9ace4c0a)][39m No obsolete sessions have been detected (socket hang up)
[debug] [35m[ADB][39m Running '/Users/ksma/Library/Android/sdk/platform-tools/adb -P 5037 -s emulator-5554 shell am force-stop io.appium.uiautomator2.server.test'
[35m[AndroidUiautomator2Driver@e19c (9ace4c0a)][39m Starting UIAutomator2 server 5.7.0
[35m[AndroidUiautomator2Driver@e19c (9ace4c0a)][39m Using UIAutomator2 server from '/Users/ksma/Documents/VSCode-Projects/webdriverio-appium/node_modules/appium-uiautomator2-driver/node_modules/appium-uiautomator2-server/apks/appium-uiautomator2-server-v5.7.0.apk' and test from '/Users/ksma/Documents/VSCode-Projects/webdriverio-appium/node_modules/appium-uiautomator2-driver/node_modules/appium-uiautomator2-server/apks/appium-uiautomator2-server-debug-androidTest.apk'
[35m[AndroidUiautomator2Driver@e19c (9ace4c0a)][39m Waiting up to 30000ms for UiAutomator2 to be online...
[debug] [35m[ADB][39m Creating ADB subprocess with args: ["-P",5037,"-s","emulator-5554","shell","am","instrument","-w","-e","disableAnalytics",true,"io.appium.uiautomator2.server.test/androidx.test.runner.AndroidJUnitRunner"]
[debug] [35m[AndroidUiautomator2Driver@e19c (9ace4c0a)][39m Matched '/status' to command name 'getStatus'
[debug] [35m[AndroidUiautomator2Driver@e19c (9ace4c0a)][39m Proxying [GET /status] to [GET http://127.0.0.1:8204/status] with no body
[35m[AndroidUiautomator2Driver@e19c (9ace4c0a)][39m socket hang up
[debug] [35m[Instrumentation][39m io.appium.uiautomator2.server.test.AppiumUiAutomator2Server:
[debug] [35m[AndroidUiautomator2Driver@e19c (9ace4c0a)][39m Matched '/status' to command name 'getStatus'
[debug] [35m[AndroidUiautomator2Driver@e19c (9ace4c0a)][39m Proxying [GET /status] to [GET http://127.0.0.1:8204/status] with no body
[35m[AndroidUiautomator2Driver@e19c (9ace4c0a)][39m socket hang up
[debug] [35m[AndroidUiautomator2Driver@e19c (9ace4c0a)][39m Matched '/status' to command name 'getStatus'
[debug] [35m[AndroidUiautomator2Driver@e19c (9ace4c0a)][39m Proxying [GET /status] to [GET http://127.0.0.1:8204/status] with no body
[debug] [35m[AndroidUiautomator2Driver@e19c (9ace4c0a)][39m Got response with status 200: {"sessionId":"None","value":{"message":"UiAutomator2 Server is ready to accept commands","ready":true}}
[debug] [35m[AndroidUiautomator2Driver@e19c (9ace4c0a)][39m The initialization of the instrumentation process took 2086ms
[debug] [35m[AndroidUiautomator2Driver@e19c (9ace4c0a)][39m Matched '/session' to command name 'createSession'
[debug] [35m[AndroidUiautomator2Driver@e19c (9ace4c0a)][39m Proxying [POST /session] to [POST http://127.0.0.1:8204/session] with body: {"capabilities":{"firstMatch":[{"platform":"LINUX","webStorageEnabled":false,"takesScreenshot":true,"javascriptEnabled":true,"databaseEnabled":false,"networkConnectionEnabled":true,"locationContextEnabled":false,"warnings":{},"desired":{"platformName":"Android","platformVersion":"11.0","deviceName":"Pixel 3","automationName":"UIAutomator2","app":"/Users/ksma/Documents/VSCode-Projects/webdriverio-appium/app/android/ColorNote Notepad.apk","autoGrantPermissions":true},"platformName":"Android","platformVersion":"11.0","deviceName":"emulator-5554","automationName":"UIAutomator2","app":"/Users/ksma/Documents/VSCode-Projects/webdriverio-appium/app/android/ColorNote Notepad.apk","autoGrantPermissions":true,"deviceUDID":"emulator-5554","appPackage":"com.socialnmobile.dictapps.notepad.color.note"}],"alwaysMatch":{}}}
[debug] [35m[AndroidUiautomator2Driver@e19c (9ace4c0a)][39m Got response with status 200: {"sessionId":"0ef24104-8c74-447f-9e53-d66c2300c2d5","value":{"capabilities":{"firstMatch":[{"platform":"LINUX","webStorageEnabled":false,"takesScreenshot":true,"javascriptEnabled":true,"databaseEnabled":false,"networkConnectionEnabled":true,"locationContextEnabled":false,"warnings":{},"desired":{"platformName":"Android","platformVersion":"11.0","deviceName":"Pixel 3","automationName":"UIAutomator2","app":"/Users/ksma/Documents/VSCode-Projects/webdriverio-appium/app/android/ColorNote Notepad.apk","autoGrantPermissions":true},"platformName":"Android","platformVersion":"11.0","deviceName":"emulator-5554","automationName":"UIAutomator2","app":"/Users/ksma/Documents/VSCode-Projects/webdriverio-appium/app/android/ColorNote Notepad.apk","autoGrantPermissions":true,"deviceUDID":"emulator-5554","appPackage":"com.socialnmobile.dictapps.notepad.color.note"}],"alwaysMatch":{}},"sessionId":"0ef24104-8c74-447f-9e53-d66c2300c2d5"}}
[35m[AndroidUiautomator2Driver@e19c (9ace4c0a)][39m Determined the downstream protocol as 'W3C'
[debug] [35m[AndroidUiautomator2Driver@e19c (9ace4c0a)][39m Proxying [GET /appium/device/info] to [GET http://127.0.0.1:8204/session/0ef24104-8c74-447f-9e53-d66c2300c2d5/appium/device/info] with no body
[debug] [35m[AndroidUiautomator2Driver@e19c (9ace4c0a)][39m Got response with status 200: {"sessionId":"0ef24104-8c74-447f-9e53-d66c2300c2d5","value":{"androidId":"b9da0ff163cbe955","apiVersion":"30","bluetooth":{"state":"ON"},"brand":"google","carrierName":"Android","displayDensity":440,"locale":"en_US","manufacturer":"Google","model":"sdk_gphone_arm64","networks":[{"capabilities":{"SSID":null,"linkDownBandwidthKbps":4125,"linkUpstreamBandwidthKbps":117562,"networkCapabilities":"NET_CAPABILITY_NOT_METERED,NET_CAPABILITY_INTERNET,NET_CAPABILITY_NOT_RESTRICTED,NET_CAPABILITY_TRUSTED,NET_CAPABILITY_NOT_VPN,NET_CAPABILITY_VALIDATED,NET_CAPABILITY_NOT_ROAMING,NET_CAPABILITY_FOREGROUND,NET_CAPABILITY_NOT_CONGESTED,NET_CAPABILITY_NOT_SUSPENDED","signalStrength":-30,"transportTypes":"TRANSPORT_WIFI"},"detailedState":"CONNECTED","extraInfo":"","isAvailable":true,"isConnected":true,"isFailover":false,"isRoaming":false,"state":"CONNECTED","subtype":0,"subtypeName":"","type":1,"typeName":"WIFI"},{"capabilities":{"SSID":null,"linkDownBandwidthKbps":30000,"linkUpstreamBandwidthKbps":15000,"networkCapabiliti...
[debug] [35m[ADB][39m Running '/Users/ksma/Library/Android/sdk/platform-tools/adb -P 5037 -s emulator-5554 shell dumpsys window'
[35m[AndroidDriver][39m Screen already unlocked, doing nothing
[35m[AndroidUiautomator2Driver@e19c (9ace4c0a)][39m Starting 'com.socialnmobile.dictapps.notepad.color.note/com.socialnmobile.colornote.activity.Main and waiting for 'com.socialnmobile.dictapps.notepad.color.note/com.socialnmobile.colornote.activity.Main'
[debug] [35m[ADB][39m Running '/Users/ksma/Library/Android/sdk/platform-tools/adb -P 5037 -s emulator-5554 shell am start -W -n com.socialnmobile.dictapps.notepad.color.note/com.socialnmobile.colornote.activity.Main -S -a android.intent.action.MAIN -c android.intent.category.LAUNCHER -f 0x10200000'
[debug] [35m[ADB][39m Waiting up to 20000ms for activity matching pkg: 'com.socialnmobile.dictapps.notepad.color.note' and activity: 'com.socialnmobile.colornote.activity.Main' to be focused
[debug] [35m[ADB][39m Possible activities, to be checked: 'com.socialnmobile.colornote.activity.Main', 'com.socialnmobile.dictapps.notepad.color.note.com.socialnmobile.colornote.activity.Main'
[debug] [35m[ADB][39m Getting focused package and activity
[debug] [35m[ADB][39m Running '/Users/ksma/Library/Android/sdk/platform-tools/adb -P 5037 -s emulator-5554 shell dumpsys window displays'
[debug] [35m[ADB][39m Found package: 'com.socialnmobile.dictapps.notepad.color.note' and fully qualified activity name : 'com.socialnmobile.colornote.activity.Main'
[debug] [35m[AndroidUiautomator2Driver@e19c (9ace4c0a)][39m Proxying [GET /appium/device/pixel_ratio] to [GET http://127.0.0.1:8204/session/0ef24104-8c74-447f-9e53-d66c2300c2d5/appium/device/pixel_ratio] with no body
[debug] [35m[AndroidUiautomator2Driver@e19c (9ace4c0a)][39m Got response with status 200: {"sessionId":"0ef24104-8c74-447f-9e53-d66c2300c2d5","value":2.75}
[debug] [35m[AndroidUiautomator2Driver@e19c (9ace4c0a)][39m Matched '/appium/device/system_bars' to command name 'getSystemBars'
[debug] [35m[AndroidUiautomator2Driver@e19c (9ace4c0a)][39m Proxying [GET /appium/device/system_bars] to [GET http://127.0.0.1:8204/session/0ef24104-8c74-447f-9e53-d66c2300c2d5/appium/device/system_bars] with no body
[debug] [35m[AndroidUiautomator2Driver@e19c (9ace4c0a)][39m Got response with status 200: {"sessionId":"0ef24104-8c74-447f-9e53-d66c2300c2d5","value":{"statusBar":66}}
[debug] [35m[AndroidUiautomator2Driver@e19c (9ace4c0a)][39m Matched '/window/current/size' to command name 'getWindowSize'
[debug] [35m[AndroidUiautomator2Driver@e19c (9ace4c0a)][39m Proxying [GET /window/current/size] to [GET http://127.0.0.1:8204/session/0ef24104-8c74-447f-9e53-d66c2300c2d5/window/current/size] with no body
[debug] [35m[AndroidUiautomator2Driver@e19c (9ace4c0a)][39m Got response with status 200: {"sessionId":"0ef24104-8c74-447f-9e53-d66c2300c2d5","value":{"height":2028,"width":1080}}
[35m[AppiumDriver@78ba][39m New AndroidUiautomator2Driver session created successfully, session 9ace4c0a-f862-4208-a2a3-41507ce4a61a added to master session list
[debug] [35m[AppiumDriver@78ba][39m Event 'newSessionStarted' logged at 1666808811615 (14:26:51 GMT-0400 (Eastern Daylight Time))
[debug] [35m[AndroidUiautomator2Driver@e19c (9ace4c0a)][39m Cached the protocol value 'W3C' for the new session 9ace4c0a-f862-4208-a2a3-41507ce4a61a
[debug] [35m[AndroidUiautomator2Driver@e19c (9ace4c0a)][39m Responding to client with driver.createSession() result: {"capabilities":{"platform":"LINUX","webStorageEnabled":false,"takesScreenshot":true,"javascriptEnabled":true,"databaseEnabled":false,"networkConnectionEnabled":true,"locationContextEnabled":false,"warnings":{},"desired":{"platformName":"Android","platformVersion":"11.0","deviceName":"Pixel 3","automationName":"UIAutomator2","app":"/Users/ksma/Documents/VSCode-Projects/webdriverio-appium/app/android/ColorNote Notepad.apk","autoGrantPermissions":true},"platformName":"Android","platformVersion":"11","deviceName":"emulator-5554","automationName":"UIAutomator2","app":"/Users/ksma/Documents/VSCode-Projects/webdriverio-appium/app/android/ColorNote Notepad.apk","autoGrantPermissions":true,"deviceUDID":"emulator-5554","appPackage":"com.socialnmobile.dictapps.notepad.color.note","deviceApiLevel":30,"deviceScreenSize":"1080x2160","deviceScreenDensity":440,"deviceModel":"sdk_gphone_arm64","deviceManufacturer":"Google","pixelRatio":2.75,"statBarHeight":66,"viewportRect":{"left":0,"top":66,"width":1080,"height":1962}}}
[35m[HTTP][39m [37m<-- POST /session [39m[32m200[39m [90m6185 ms - 1082[39m
[35m[HTTP][39m [90m[39m
[35m[HTTP][39m [37m-->[39m [37mPOST[39m [37m/session/9ace4c0a-f862-4208-a2a3-41507ce4a61a/element[39m
[35m[HTTP][39m [90m{"using":"xpath","value":"//*[@resource-id=\"com.socialnmobile.dictapps.notepad.color.note:id/btn_start_skip\"]"}[39m
[debug] [35m[AndroidUiautomator2Driver@e19c (9ace4c0a)][39m Calling AppiumDriver.findElement() with args: ["xpath","//*[@resource-id=\"com.socialnmobile.dictapps.notepad.color.note:id/btn_start_skip\"]","9ace4c0a-f862-4208-a2a3-41507ce4a61a"]
[debug] [35m[AndroidUiautomator2Driver@e19c (9ace4c0a)][39m Valid locator strategies for this request: xpath, id, class name, accessibility id, css selector, -android uiautomator
[debug] [35m[AndroidUiautomator2Driver@e19c (9ace4c0a)][39m Waiting up to 0 ms for condition
[debug] [35m[AndroidUiautomator2Driver@e19c (9ace4c0a)][39m Matched '/element' to command name 'findElement'
[debug] [35m[AndroidUiautomator2Driver@e19c (9ace4c0a)][39m Proxying [POST /element] to [POST http://127.0.0.1:8204/session/0ef24104-8c74-447f-9e53-d66c2300c2d5/element] with body: {"strategy":"xpath","selector":"//*[@resource-id=\"com.socialnmobile.dictapps.notepad.color.note:id/btn_start_skip\"]","context":"","multiple":false}
[debug] [35m[AndroidUiautomator2Driver@e19c (9ace4c0a)][39m Got response with status 200: {"sessionId":"0ef24104-8c74-447f-9e53-d66c2300c2d5","value":{"ELEMENT":"00000000-0000-0477-ffff-ffff0000008f","element-6066-11e4-a52e-4f735466cecf":"00000000-0000-0477-ffff-ffff0000008f"}}
[debug] [35m[AndroidUiautomator2Driver@e19c (9ace4c0a)][39m Responding to client with driver.findElement() result: {"element-6066-11e4-a52e-4f735466cecf":"00000000-0000-0477-ffff-ffff0000008f","ELEMENT":"00000000-0000-0477-ffff-ffff0000008f"}
[35m[HTTP][39m [37m<-- POST /session/9ace4c0a-f862-4208-a2a3-41507ce4a61a/element [39m[32m200[39m [90m663 ms - 137[39m
[35m[HTTP][39m [90m[39m
[35m[HTTP][39m [37m-->[39m [37mPOST[39m [37m/session/9ace4c0a-f862-4208-a2a3-41507ce4a61a/element/00000000-0000-0477-ffff-ffff0000008f/click[39m
[35m[HTTP][39m [90m{}[39m
[debug] [35m[AndroidUiautomator2Driver@e19c (9ace4c0a)][39m Calling AppiumDriver.click() with args: ["00000000-0000-0477-ffff-ffff0000008f","9ace4c0a-f862-4208-a2a3-41507ce4a61a"]
[debug] [35m[AndroidUiautomator2Driver@e19c (9ace4c0a)][39m Matched '/element/00000000-0000-0477-ffff-ffff0000008f/click' to command name 'click'
[debug] [35m[AndroidUiautomator2Driver@e19c (9ace4c0a)][39m Proxying [POST /element/00000000-0000-0477-ffff-ffff0000008f/click] to [POST http://127.0.0.1:8204/session/0ef24104-8c74-447f-9e53-d66c2300c2d5/element/00000000-0000-0477-ffff-ffff0000008f/click] with body: {"element":"00000000-0000-0477-ffff-ffff0000008f"}
[debug] [35m[AndroidUiautomator2Driver@e19c (9ace4c0a)][39m Got response with status 200: {"sessionId":"0ef24104-8c74-447f-9e53-d66c2300c2d5","value":null}
[debug] [35m[AndroidUiautomator2Driver@e19c (9ace4c0a)][39m Responding to client with driver.click() result: null
[35m[HTTP][39m [37m<-- POST /session/9ace4c0a-f862-4208-a2a3-41507ce4a61a/element/00000000-0000-0477-ffff-ffff0000008f/click [39m[32m200[39m [90m55 ms - 14[39m
[35m[HTTP][39m [90m[39m
[35m[HTTP][39m [37m-->[39m [37mPOST[39m [37m/session/9ace4c0a-f862-4208-a2a3-41507ce4a61a/element[39m
[35m[HTTP][39m [90m{"using":"xpath","value":"//*[@text=\"Add note\"]"}[39m
[debug] [35m[AndroidUiautomator2Driver@e19c (9ace4c0a)][39m Calling AppiumDriver.findElement() with args: ["xpath","//*[@text=\"Add note\"]","9ace4c0a-f862-4208-a2a3-41507ce4a61a"]
[debug] [35m[AndroidUiautomator2Driver@e19c (9ace4c0a)][39m Valid locator strategies for this request: xpath, id, class name, accessibility id, css selector, -android uiautomator
[debug] [35m[AndroidUiautomator2Driver@e19c (9ace4c0a)][39m Waiting up to 0 ms for condition
[debug] [35m[AndroidUiautomator2Driver@e19c (9ace4c0a)][39m Matched '/element' to command name 'findElement'
[debug] [35m[AndroidUiautomator2Driver@e19c (9ace4c0a)][39m Proxying [POST /element] to [POST http://127.0.0.1:8204/session/0ef24104-8c74-447f-9e53-d66c2300c2d5/element] with body: {"strategy":"xpath","selector":"//*[@text=\"Add note\"]","context":"","multiple":false}
[debug] [35m[AndroidUiautomator2Driver@e19c (9ace4c0a)][39m Got response with status 200: {"sessionId":"0ef24104-8c74-447f-9e53-d66c2300c2d5","value":{"ELEMENT":"00000000-0000-0476-ffff-ffff0000005b","element-6066-11e4-a52e-4f735466cecf":"00000000-0000-0476-ffff-ffff0000005b"}}
[debug] [35m[AndroidUiautomator2Driver@e19c (9ace4c0a)][39m Responding to client with driver.findElement() result: {"element-6066-11e4-a52e-4f735466cecf":"00000000-0000-0476-ffff-ffff0000005b","ELEMENT":"00000000-0000-0476-ffff-ffff0000005b"}
[35m[HTTP][39m [37m<-- POST /session/9ace4c0a-f862-4208-a2a3-41507ce4a61a/element [39m[32m200[39m [90m997 ms - 137[39m
[35m[HTTP][39m [90m[39m
[35m[HTTP][39m [37m-->[39m [37mGET[39m [37m/session/9ace4c0a-f862-4208-a2a3-41507ce4a61a/element/00000000-0000-0476-ffff-ffff0000005b/displayed[39m
[35m[HTTP][39m [90m{}[39m
[debug] [35m[AndroidUiautomator2Driver@e19c (9ace4c0a)][39m Calling AppiumDriver.elementDisplayed() with args: ["00000000-0000-0476-ffff-ffff0000005b","9ace4c0a-f862-4208-a2a3-41507ce4a61a"]
[debug] [35m[AndroidUiautomator2Driver@e19c (9ace4c0a)][39m Matched '/element/00000000-0000-0476-ffff-ffff0000005b/attribute/displayed' to command name 'getAttribute'
[debug] [35m[AndroidUiautomator2Driver@e19c (9ace4c0a)][39m Proxying [GET /element/00000000-0000-0476-ffff-ffff0000005b/attribute/displayed] to [GET http://127.0.0.1:8204/session/0ef24104-8c74-447f-9e53-d66c2300c2d5/element/00000000-0000-0476-ffff-ffff0000005b/attribute/displayed] with no body
[debug] [35m[AndroidUiautomator2Driver@e19c (9ace4c0a)][39m Got response with status 200: {"sessionId":"0ef24104-8c74-447f-9e53-d66c2300c2d5","value":"true"}
[debug] [35m[AndroidUiautomator2Driver@e19c (9ace4c0a)][39m Responding to client with driver.elementDisplayed() result: true
[35m[HTTP][39m [37m<-- GET /session/9ace4c0a-f862-4208-a2a3-41507ce4a61a/element/00000000-0000-0476-ffff-ffff0000005b/displayed [39m[32m200[39m [90m11 ms - 14[39m
[35m[HTTP][39m [90m[39m
[35m[HTTP][39m [37m-->[39m [37mPOST[39m [37m/session/9ace4c0a-f862-4208-a2a3-41507ce4a61a/element[39m
[35m[HTTP][39m [90m{"using":"xpath","value":"//*[@resource-id=\"com.socialnmobile.dictapps.notepad.color.note:id/icon_nav\"]"}[39m
[debug] [35m[AndroidUiautomator2Driver@e19c (9ace4c0a)][39m Calling AppiumDriver.findElement() with args: ["xpath","//*[@resource-id=\"com.socialnmobile.dictapps.notepad.color.note:id/icon_nav\"]","9ace4c0a-f862-4208-a2a3-41507ce4a61a"]
[debug] [35m[AndroidUiautomator2Driver@e19c (9ace4c0a)][39m Valid locator strategies for this request: xpath, id, class name, accessibility id, css selector, -android uiautomator
[debug] [35m[AndroidUiautomator2Driver@e19c (9ace4c0a)][39m Waiting up to 0 ms for condition
[debug] [35m[AndroidUiautomator2Driver@e19c (9ace4c0a)][39m Matched '/element' to command name 'findElement'
[debug] [35m[AndroidUiautomator2Driver@e19c (9ace4c0a)][39m Proxying [POST /element] to [POST http://127.0.0.1:8204/session/0ef24104-8c74-447f-9e53-d66c2300c2d5/element] with body: {"strategy":"xpath","selector":"//*[@resource-id=\"com.socialnmobile.dictapps.notepad.color.note:id/icon_nav\"]","context":"","multiple":false}
[debug] [35m[AndroidUiautomator2Driver@e19c (9ace4c0a)][39m Got response with status 200: {"sessionId":"0ef24104-8c74-447f-9e53-d66c2300c2d5","value":{"ELEMENT":"00000000-0000-0476-ffff-ffff00000011","element-6066-11e4-a52e-4f735466cecf":"00000000-0000-0476-ffff-ffff00000011"}}
[debug] [35m[AndroidUiautomator2Driver@e19c (9ace4c0a)][39m Responding to client with driver.findElement() result: {"element-6066-11e4-a52e-4f735466cecf":"00000000-0000-0476-ffff-ffff00000011","ELEMENT":"00000000-0000-0476-ffff-ffff00000011"}
[35m[HTTP][39m [37m<-- POST /session/9ace4c0a-f862-4208-a2a3-41507ce4a61a/element [39m[32m200[39m [90m30 ms - 137[39m
[35m[HTTP][39m [90m[39m
[35m[HTTP][39m [37m-->[39m [37mPOST[39m [37m/session/9ace4c0a-f862-4208-a2a3-41507ce4a61a/element/00000000-0000-0476-ffff-ffff00000011/click[39m
[35m[HTTP][39m [90m{}[39m
[debug] [35m[AndroidUiautomator2Driver@e19c (9ace4c0a)][39m Calling AppiumDriver.click() with args: ["00000000-0000-0476-ffff-ffff00000011","9ace4c0a-f862-4208-a2a3-41507ce4a61a"]
[debug] [35m[AndroidUiautomator2Driver@e19c (9ace4c0a)][39m Matched '/element/00000000-0000-0476-ffff-ffff00000011/click' to command name 'click'
[debug] [35m[AndroidUiautomator2Driver@e19c (9ace4c0a)][39m Proxying [POST /element/00000000-0000-0476-ffff-ffff00000011/click] to [POST http://127.0.0.1:8204/session/0ef24104-8c74-447f-9e53-d66c2300c2d5/element/00000000-0000-0476-ffff-ffff00000011/click] with body: {"element":"00000000-0000-0476-ffff-ffff00000011"}
[debug] [35m[AndroidUiautomator2Driver@e19c (9ace4c0a)][39m Got response with status 200: {"sessionId":"0ef24104-8c74-447f-9e53-d66c2300c2d5","value":null}
[debug] [35m[AndroidUiautomator2Driver@e19c (9ace4c0a)][39m Responding to client with driver.click() result: null
[35m[HTTP][39m [37m<-- POST /session/9ace4c0a-f862-4208-a2a3-41507ce4a61a/element/00000000-0000-0476-ffff-ffff00000011/click [39m[32m200[39m [90m30 ms - 14[39m
[35m[HTTP][39m [90m[39m
[35m[HTTP][39m [37m-->[39m [37mPOST[39m [37m/session/9ace4c0a-f862-4208-a2a3-41507ce4a61a/element[39m
[35m[HTTP][39m [90m{"using":"xpath","value":"//*[@text=\"Like us on Facebook\"]"}[39m
[debug] [35m[AndroidUiautomator2Driver@e19c (9ace4c0a)][39m Calling AppiumDriver.findElement() with args: ["xpath","//*[@text=\"Like us on Facebook\"]","9ace4c0a-f862-4208-a2a3-41507ce4a61a"]
[debug] [35m[AndroidUiautomator2Driver@e19c (9ace4c0a)][39m Valid locator strategies for this request: xpath, id, class name, accessibility id, css selector, -android uiautomator
[debug] [35m[AndroidUiautomator2Driver@e19c (9ace4c0a)][39m Waiting up to 0 ms for condition
[debug] [35m[AndroidUiautomator2Driver@e19c (9ace4c0a)][39m Matched '/element' to command name 'findElement'
[debug] [35m[AndroidUiautomator2Driver@e19c (9ace4c0a)][39m Proxying [POST /element] to [POST http://127.0.0.1:8204/session/0ef24104-8c74-447f-9e53-d66c2300c2d5/element] with body: {"strategy":"xpath","selector":"//*[@text=\"Like us on Facebook\"]","context":"","multiple":false}
[debug] [35m[AndroidUiautomator2Driver@e19c (9ace4c0a)][39m Got response with status 200: {"sessionId":"0ef24104-8c74-447f-9e53-d66c2300c2d5","value":{"ELEMENT":"00000000-0000-0476-ffff-ffff00000085","element-6066-11e4-a52e-4f735466cecf":"00000000-0000-0476-ffff-ffff00000085"}}
[debug] [35m[AndroidUiautomator2Driver@e19c (9ace4c0a)][39m Responding to client with driver.findElement() result: {"element-6066-11e4-a52e-4f735466cecf":"00000000-0000-0476-ffff-ffff00000085","ELEMENT":"00000000-0000-0476-ffff-ffff00000085"}
[35m[HTTP][39m [37m<-- POST /session/9ace4c0a-f862-4208-a2a3-41507ce4a61a/element [39m[32m200[39m [90m185 ms - 137[39m
[35m[HTTP][39m [90m[39m
[35m[HTTP][39m [37m-->[39m [37mPOST[39m [37m/session/9ace4c0a-f862-4208-a2a3-41507ce4a61a/element/00000000-0000-0476-ffff-ffff00000085/click[39m
[35m[HTTP][39m [90m{}[39m
[debug] [35m[AndroidUiautomator2Driver@e19c (9ace4c0a)][39m Calling AppiumDriver.click() with args: ["00000000-0000-0476-ffff-ffff00000085","9ace4c0a-f862-4208-a2a3-41507ce4a61a"]
[debug] [35m[AndroidUiautomator2Driver@e19c (9ace4c0a)][39m Matched '/element/00000000-0000-0476-ffff-ffff00000085/click' to command name 'click'
[debug] [35m[AndroidUiautomator2Driver@e19c (9ace4c0a)][39m Proxying [POST /element/00000000-0000-0476-ffff-ffff00000085/click] to [POST http://127.0.0.1:8204/session/0ef24104-8c74-447f-9e53-d66c2300c2d5/element/00000000-0000-0476-ffff-ffff00000085/click] with body: {"element":"00000000-0000-0476-ffff-ffff00000085"}
[debug] [35m[AndroidUiautomator2Driver@e19c (9ace4c0a)][39m Got response with status 200: {"sessionId":"0ef24104-8c74-447f-9e53-d66c2300c2d5","value":null}
[debug] [35m[AndroidUiautomator2Driver@e19c (9ace4c0a)][39m Responding to client with driver.click() result: null
[35m[HTTP][39m [37m<-- POST /session/9ace4c0a-f862-4208-a2a3-41507ce4a61a/element/00000000-0000-0476-ffff-ffff00000085/click [39m[32m200[39m [90m2064 ms - 14[39m
[35m[HTTP][39m [90m[39m
[35m[HTTP][39m [37m-->[39m [37mGET[39m [37m/session/9ace4c0a-f862-4208-a2a3-41507ce4a61a/contexts[39m
[35m[HTTP][39m [90m{}[39m
[debug] [35m[AndroidUiautomator2Driver@e19c (9ace4c0a)][39m Calling AppiumDriver.getContexts() with args: ["9ace4c0a-f862-4208-a2a3-41507ce4a61a"]
[debug] [35m[AndroidDriver][39m Getting a list of available webviews
[debug] [35m[ADB][39m Running '/Users/ksma/Library/Android/sdk/platform-tools/adb -P 5037 -s emulator-5554 shell cat /proc/net/unix'
[debug] [35m[AndroidDriver][39m Parsed 1 active devtools socket: ["@chrome_devtools_remote"]
[debug] [35m[AndroidDriver][39m Collecting CDP data of 1 webview
[debug] [35m[AndroidDriver][39m Forwarding remote port chrome_devtools_remote to a local port in range 10900..11000
[debug] [35m[AndroidDriver][39m You could use the 'webviewDevtoolsPort' capability to customize the starting port number
[debug] [35m[ADB][39m Running '/Users/ksma/Library/Android/sdk/platform-tools/adb -P 5037 -s emulator-5554 forward tcp:10900 localabstract:chrome_devtools_remote'
[debug] [35m[ADB][39m Removing forwarded port socket connection: 10900 
[debug] [35m[ADB][39m Running '/Users/ksma/Library/Android/sdk/platform-tools/adb -P 5037 -s emulator-5554 forward --remove tcp:10900'
[debug] [35m[AndroidDriver][39m CDP data collection completed
[debug] [35m[AndroidDriver][39m Found 1 webview: ["WEBVIEW_chrome"]
[debug] [35m[AndroidUiautomator2Driver@e19c (9ace4c0a)][39m Available contexts: ["NATIVE_APP","WEBVIEW_chrome"]
[debug] [35m[AndroidUiautomator2Driver@e19c (9ace4c0a)][39m Responding to client with driver.getContexts() result: ["NATIVE_APP","WEBVIEW_chrome"]
[35m[HTTP][39m [37m<-- GET /session/9ace4c0a-f862-4208-a2a3-41507ce4a61a/contexts [39m[32m200[39m [90m185 ms - 41[39m
[35m[HTTP][39m [90m[39m
[35m[HTTP][39m [37m-->[39m [37mPOST[39m [37m/session/9ace4c0a-f862-4208-a2a3-41507ce4a61a/context[39m
[35m[HTTP][39m [90m{"name":"WEBVIEW_chrome"}[39m
[debug] [35m[AndroidUiautomator2Driver@e19c (9ace4c0a)][39m Calling AppiumDriver.setContext() with args: ["WEBVIEW_chrome","9ace4c0a-f862-4208-a2a3-41507ce4a61a"]
[debug] [35m[AndroidDriver][39m Getting a list of available webviews
[debug] [35m[ADB][39m Running '/Users/ksma/Library/Android/sdk/platform-tools/adb -P 5037 -s emulator-5554 shell cat /proc/net/unix'
[debug] [35m[AndroidDriver][39m Parsed 1 active devtools socket: ["@chrome_devtools_remote"]
[debug] [35m[AndroidDriver][39m Collecting CDP data of 1 webview
[debug] [35m[AndroidDriver][39m Forwarding remote port chrome_devtools_remote to a local port in range 10900..11000
[debug] [35m[AndroidDriver][39m You could use the 'webviewDevtoolsPort' capability to customize the starting port number
[debug] [35m[ADB][39m Running '/Users/ksma/Library/Android/sdk/platform-tools/adb -P 5037 -s emulator-5554 forward tcp:10900 localabstract:chrome_devtools_remote'
[debug] [35m[ADB][39m Removing forwarded port socket connection: 10900 
[debug] [35m[ADB][39m Running '/Users/ksma/Library/Android/sdk/platform-tools/adb -P 5037 -s emulator-5554 forward --remove tcp:10900'
[debug] [35m[AndroidDriver][39m CDP data collection completed
[debug] [35m[AndroidDriver][39m Found 1 webview: ["WEBVIEW_chrome"]
[debug] [35m[AndroidUiautomator2Driver@e19c (9ace4c0a)][39m Available contexts: ["NATIVE_APP","WEBVIEW_chrome"]
[debug] [35m[AndroidUiautomator2Driver@e19c (9ace4c0a)][39m Connecting to chrome-backed webview context 'WEBVIEW_chrome'
[debug] [35m[AndroidUiautomator2Driver@e19c (9ace4c0a)][39m Identified chromeAndroidPackage as 'com.android.chrome' for context 'WEBVIEW_chrome' by CDP
[debug] [35m[AndroidUiautomator2Driver@e19c (9ace4c0a)][39m A port was not given, using random free port: 8002
[debug] [35m[AndroidUiautomator2Driver@e19c (9ace4c0a)][39m Passing web view details to the Chromedriver constructor: {
[debug] [35m[AndroidUiautomator2Driver@e19c (9ace4c0a)][39m   "info": {
[debug] [35m[AndroidUiautomator2Driver@e19c (9ace4c0a)][39m     "Android-Package": "com.android.chrome",
[debug] [35m[AndroidUiautomator2Driver@e19c (9ace4c0a)][39m     "Browser": "Chrome/91.0.4472.114",
[debug] [35m[AndroidUiautomator2Driver@e19c (9ace4c0a)][39m     "Protocol-Version": "1.3",
[debug] [35m[AndroidUiautomator2Driver@e19c (9ace4c0a)][39m     "User-Agent": "Mozilla/5.0 (Linux; Android 11; sdk_gphone_arm64) AppleWebKit/537.36 (KHTML, like Gecko) Chrome/91.0.4472.114 Mobile Safari/537.36",
[debug] [35m[AndroidUiautomator2Driver@e19c (9ace4c0a)][39m     "V8-Version": "9.1.269.36",
[debug] [35m[AndroidUiautomator2Driver@e19c (9ace4c0a)][39m     "WebKit-Version": "537.36 (@4bb19460e8d88c3446b360b0df8fd991fee49c0b)",
[debug] [35m[AndroidUiautomator2Driver@e19c (9ace4c0a)][39m     "webSocketDebuggerUrl": "ws://127.0.0.1:10900/devtools/browser"
[debug] [35m[AndroidUiautomator2Driver@e19c (9ace4c0a)][39m   },
[debug] [35m[AndroidUiautomator2Driver@e19c (9ace4c0a)][39m   "process": {
[debug] [35m[AndroidUiautomator2Driver@e19c (9ace4c0a)][39m     "name": "chrome",
[debug] [35m[AndroidUiautomator2Driver@e19c (9ace4c0a)][39m     "id": null
[debug] [35m[AndroidUiautomator2Driver@e19c (9ace4c0a)][39m   }
[debug] [35m[AndroidUiautomator2Driver@e19c (9ace4c0a)][39m }
[debug] [35m[AndroidDriver][39m Precalculated Chromedriver capabilities: {
[debug] [35m[AndroidDriver][39m   "androidPackage": "com.android.chrome",
[debug] [35m[AndroidDriver][39m   "androidUseRunningApp": true,
[debug] [35m[AndroidDriver][39m   "androidDeviceSerial": "emulator-5554"
[debug] [35m[AndroidDriver][39m }
[debug] [35m[AndroidUiautomator2Driver@e19c (9ace4c0a)][39m Before starting chromedriver, androidPackage is 'com.android.chrome'
[debug] [35m[Chromedriver@0984][39m Changed state to 'starting'
[debug] [35m[Chromedriver@0984][39m Using the static Chromedriver->Chrome mapping
[debug] [35m[Chromedriver@0984][39m The most recent known Chrome version: 106.0.5249
[debug] [35m[Chromedriver@0984][39m Found 3 executables in '/Users/ksma/Documents/VSCode-Projects/webdriverio-appium/node_modules/appium-uiautomator2-driver/node_modules/appium-chromedriver/chromedriver/mac'
[debug] [35m[Chromedriver@0984][39m The following Chromedriver executables were found:
[debug] [35m[Chromedriver@0984][39m     '/Users/ksma/Documents/VSCode-Projects/webdriverio-appium/node_modules/appium-uiautomator2-driver/node_modules/appium-chromedriver/chromedriver/mac/chromedriver_mac64_v106.0.5249.61' (version '106.0.5249.61', minimum Chrome version '106.0.5249')
[debug] [35m[Chromedriver@0984][39m     '/Users/ksma/Documents/VSCode-Projects/webdriverio-appium/node_modules/appium-uiautomator2-driver/node_modules/appium-chromedriver/chromedriver/mac/chromedriver_mac64_v91.0.4472.101' (version '91.0.4472.101', minimum Chrome version '91.0.4472')
[debug] [35m[Chromedriver@0984][39m     '/Users/ksma/Documents/VSCode-Projects/webdriverio-appium/node_modules/appium-uiautomator2-driver/node_modules/appium-chromedriver/chromedriver/mac/chromedriver_mac64_v91.0.4472.19' (version '91.0.4472.19', minimum Chrome version '91.0.4472')
[debug] [35m[Chromedriver@0984][39m Browser version in the supplied details: Chrome/91.0.4472.114
[debug] [35m[Chromedriver@0984][39m Found Chrome bundle 'undefined' version '91.0.4472'
[debug] [35m[Chromedriver@0984][39m Found 2 executables capable of automating Chrome '91.0.4472'.
[debug] [35m[Chromedriver@0984][39m Choosing the most recent, '/Users/ksma/Documents/VSCode-Projects/webdriverio-appium/node_modules/appium-uiautomator2-driver/node_modules/appium-chromedriver/chromedriver/mac/chromedriver_mac64_v91.0.4472.101'.
[debug] [35m[Chromedriver@0984][39m If a specific version is required, specify it with the `chromedriverExecutable`desired capability.
[35m[Chromedriver@0984][39m Set chromedriver binary as: /Users/ksma/Documents/VSCode-Projects/webdriverio-appium/node_modules/appium-uiautomator2-driver/node_modules/appium-chromedriver/chromedriver/mac/chromedriver_mac64_v91.0.4472.101
[debug] [35m[Chromedriver@0984][39m Killing any old chromedrivers, running: pkill -15 -f "/Users/ksma/Documents/VSCode-Projects/webdriverio-appium/node_modules/appium-uiautomator2-driver/node_modules/appium-chromedriver/chromedriver/mac/chromedriver_mac64_v91.0.4472.101.*--port=8002"
[35m[Chromedriver@0984][39m No old chromedrivers seem to exist
[debug] [35m[Chromedriver@0984][39m Cleaning this device's adb forwarded port socket connections: emulator-5554
[debug] [35m[ADB][39m List forwarding ports
[debug] [35m[ADB][39m Running '/Users/ksma/Library/Android/sdk/platform-tools/adb -P 5037 -s emulator-5554 forward --list'
[35m[Chromedriver@0984][39m Spawning chromedriver with: /Users/ksma/Documents/VSCode-Projects/webdriverio-appium/node_modules/appium-uiautomator2-driver/node_modules/appium-chromedriver/chromedriver/mac/chromedriver_mac64_v91.0.4472.101 --port=8002 --adb-port=5037 --verbose
[debug] [35m[Chromedriver@0984][39m Chromedriver version: '91.0.4472.101'
[debug] [35m[Chromedriver@0984][39m Matched '/status' to command name 'getStatus'
[debug] [35m[Chromedriver@0984][39m Proxying [GET /status] to [GET http://127.0.0.1:8002/status] with no body
[35m[Chromedriver@0984][39m connect ECONNREFUSED 127.0.0.1:8002
[debug] [35m[Chromedriver@0984][39m Matched '/status' to command name 'getStatus'
[debug] [35m[Chromedriver@0984][39m Proxying [GET /status] to [GET http://127.0.0.1:8002/status] with no body
[debug] [35m[Chromedriver@0984][39m Got response with status 200: {"value":{"build":{"version":"91.0.4472.101 (af52a90bf87030dd1523486a1cd3ae25c5d76c9b-refs/branch-heads/4472@{#1462})"},"message":"ChromeDriver ready for new sessions.","os":{"arch":"arm64","name":"Mac OS X","version":"12.6.0"},"ready":true}}
[35m[Chromedriver@0984][39m Starting W3C Chromedriver session with capabilities: {
[35m[Chromedriver@0984][39m   "capabilities": {
[35m[Chromedriver@0984][39m     "alwaysMatch": {
[35m[Chromedriver@0984][39m       "goog:chromeOptions": {
[35m[Chromedriver@0984][39m         "androidPackage": "com.android.chrome",
[35m[Chromedriver@0984][39m         "androidUseRunningApp": true,
[35m[Chromedriver@0984][39m         "androidDeviceSerial": "emulator-5554"
[35m[Chromedriver@0984][39m       },
[35m[Chromedriver@0984][39m       "goog:loggingPrefs": {
[35m[Chromedriver@0984][39m         "browser": "ALL"
[35m[Chromedriver@0984][39m       }
[35m[Chromedriver@0984][39m     }
[35m[Chromedriver@0984][39m   }
[35m[Chromedriver@0984][39m }
[debug] [35m[Chromedriver@0984][39m Matched '/session' to command name 'createSession'
[debug] [35m[Chromedriver@0984][39m Proxying [POST /session] to [POST http://127.0.0.1:8002/session] with body: {"capabilities":{"alwaysMatch":{"goog:chromeOptions":{"androidPackage":"com.android.chrome","androidUseRunningApp":true,"androidDeviceSerial":"emulator-5554"},"goog:loggingPrefs":{"browser":"ALL"}}}}
[debug] [35m[Chromedriver@0984][39m Webview version: 'Chrome/91.0.4472.114'
[35m[HTTP][39m [37m-->[39m [37mDELETE[39m [37m/session/9ace4c0a-f862-4208-a2a3-41507ce4a61a[39m
[35m[HTTP][39m [90m{}[39m
[debug] [35m[AndroidUiautomator2Driver@e19c (9ace4c0a)][39m Calling AppiumDriver.deleteSession() with args: ["9ace4c0a-f862-4208-a2a3-41507ce4a61a"]
[debug] [35m[AppiumDriver@78ba][39m Event 'quitSessionRequested' logged at 1666808873460 (14:27:53 GMT-0400 (Eastern Daylight Time))
[35m[AppiumDriver@78ba][39m Removing session 9ace4c0a-f862-4208-a2a3-41507ce4a61a from our master session list
[debug] [35m[AndroidUiautomator2Driver@e19c (9ace4c0a)][39m Deleting UiAutomator2 session
[debug] [35m[AndroidUiautomator2Driver@e19c (9ace4c0a)][39m Deleting UiAutomator2 server session
[debug] [35m[AndroidUiautomator2Driver@e19c (9ace4c0a)][39m Matched '/' to command name 'deleteSession'
[debug] [35m[AndroidUiautomator2Driver@e19c (9ace4c0a)][39m Proxying [DELETE /] to [DELETE http://127.0.0.1:8204/session/0ef24104-8c74-447f-9e53-d66c2300c2d5] with no body
[debug] [35m[AndroidUiautomator2Driver@e19c (9ace4c0a)][39m Got response with status 200: {"sessionId":"0ef24104-8c74-447f-9e53-d66c2300c2d5","value":null}
[debug] [35m[ADB][39m Running '/Users/ksma/Library/Android/sdk/platform-tools/adb -P 5037 -s emulator-5554 shell dumpsys activity services io.appium.settings/.recorder.RecorderService'
[debug] [35m[ADB][39m Running '/Users/ksma/Library/Android/sdk/platform-tools/adb -P 5037 -s emulator-5554 shell am force-stop com.socialnmobile.dictapps.notepad.color.note'
[debug] [35m[Logcat][39m Stopping logcat capture
[debug] [35m[ADB][39m Removing forwarded port socket connection: 8204 
[debug] [35m[ADB][39m Running '/Users/ksma/Library/Android/sdk/platform-tools/adb -P 5037 -s emulator-5554 forward --remove tcp:8204'
[35m[AndroidUiautomator2Driver@e19c (9ace4c0a)][39m Restoring hidden api policy to the device default configuration
[debug] [35m[ADB][39m Running '/Users/ksma/Library/Android/sdk/platform-tools/adb -P 5037 -s emulator-5554 shell 'settings delete global hidden_api_policy_pre_p_apps;settings delete global hidden_api_policy_p_apps;settings delete global hidden_api_policy''
[debug] [35m[AppiumDriver@78ba][39m Event 'quitSessionFinished' logged at 1666808873750 (14:27:53 GMT-0400 (Eastern Daylight Time))
[debug] [35m[AppiumDriver@78ba][39m Received response: null
[debug] [35m[AppiumDriver@78ba][39m But deleting session, so not returning
[debug] [35m[AppiumDriver@78ba][39m Responding to client with driver.deleteSession() result: null
[35m[HTTP][39m [37m<-- DELETE /session/9ace4c0a-f862-4208-a2a3-41507ce4a61a [39m[32m200[39m [90m298 ms - 14[39m
[35m[HTTP][39m [90m[39m
[35m[HTTP][39m [37m<-- POST /session/9ace4c0a-f862-4208-a2a3-41507ce4a61a/context [39m[32m-[39m [90m- ms - -[39m
[35m[HTTP][39m [90m[39m
[35m[Appium][39m Received SIGTERM - shutting down
[debug] [35m[AppiumDriver@78ba][39m There are no active sessions for cleanup
[35m[HTTP][39m Waiting until the server is closed
[35m[HTTP][39m Received server close event
